# JRE version: OpenJDK Runtime Environment (8.0_222-b10) (build 1.8.0_222-8u222-b10-1ubuntu1~18.04.1-b10)
# Java VM: OpenJDK 64-Bit Server VM (25.222-b10 mixed mode linux-amd64 compressed oops)
Heap:
 PSYoungGen      total 526336K, used 0K [0x00000000d7000000, 0x0000000100000000, 0x0000000100000000)
  eden space 380928K, 0% used [0x00000000d7000000,0x00000000d7000000,0x00000000ee400000)
  from space 145408K, 0% used [0x00000000ee400000,0x00000000ee400000,0x00000000f7200000)
  to   space 143360K, 0% used [0x00000000f7400000,0x00000000f7400000,0x0000000100000000)
 ParOldGen       total 1018880K, used 938198K [0x0000000085000000, 0x00000000c3300000, 0x00000000d7000000)
  object space 1018880K, 92% used [0x0000000085000000,0x00000000be435868,0x00000000c3300000)
 Metaspace       used 5527K, capacity 5710K, committed 5888K, reserved 1056768K
  class space    used 603K, capacity 681K, committed 768K, reserved 1048576K
GC Heap History (10 events):
Event: 37,743 GC heap after
Heap after GC invocations=69 (full 6):
 PSYoungGen      total 517120K, used 61632K [0x00000000d7000000, 0x00000000ff280000, 0x0000000100000000)
  eden space 374272K, 0% used [0x00000000d7000000,0x00000000d7000000,0x00000000edd80000)
  from space 142848K, 43% used [0x00000000edd80000,0x00000000f19b0000,0x00000000f6900000)
  to   space 139264K, 0% used [0x00000000f6a80000,0x00000000f6a80000,0x00000000ff280000)
 ParOldGen       total 1018880K, used 833726K [0x0000000085000000, 0x00000000c3300000, 0x00000000d7000000)
  object space 1018880K, 81% used [0x0000000085000000,0x00000000b7e2f950,0x00000000c3300000)
 Metaspace       used 4288K, capacity 4736K, committed 4864K, reserved 1056768K
  class space    used 459K, capacity 496K, committed 512K, reserved 1048576K
}
Event: 37,978 GC heap before
{Heap before GC invocations=70 (full 6):
 PSYoungGen      total 517120K, used 435904K [0x00000000d7000000, 0x00000000ff280000, 0x0000000100000000)
  eden space 374272K, 100% used [0x00000000d7000000,0x00000000edd80000,0x00000000edd80000)
  from space 142848K, 43% used [0x00000000edd80000,0x00000000f19b0000,0x00000000f6900000)
  to   space 139264K, 0% used [0x00000000f6a80000,0x00000000f6a80000,0x00000000ff280000)
 ParOldGen       total 1018880K, used 833726K [0x0000000085000000, 0x00000000c3300000, 0x00000000d7000000)
  object space 1018880K, 81% used [0x0000000085000000,0x00000000b7e2f950,0x00000000c3300000)
 Metaspace       used 4288K, capacity 4736K, committed 4864K, reserved 1056768K
  class space    used 459K, capacity 496K, committed 512K, reserved 1048576K
Event: 38,177 GC heap after
Heap after GC invocations=70 (full 6):
 PSYoungGen      total 519680K, used 47200K [0x00000000d7000000, 0x00000000ffa80000, 0x0000000100000000)
  eden space 380416K, 0% used [0x00000000d7000000,0x00000000d7000000,0x00000000ee380000)
  from space 139264K, 33% used [0x00000000f6a80000,0x00000000f9898000,0x00000000ff280000)
  to   space 138240K, 0% used [0x00000000ee380000,0x00000000ee380000,0x00000000f6a80000)
 ParOldGen       total 1018880K, used 864118K [0x0000000085000000, 0x00000000c3300000, 0x00000000d7000000)
  object space 1018880K, 84% used [0x0000000085000000,0x00000000b9bdd950,0x00000000c3300000)
 Metaspace       used 4288K, capacity 4736K, committed 4864K, reserved 1056768K
  class space    used 459K, capacity 496K, committed 512K, reserved 1048576K
}
Event: 38,412 GC heap before
{Heap before GC invocations=71 (full 6):
 PSYoungGen      total 519680K, used 427616K [0x00000000d7000000, 0x00000000ffa80000, 0x0000000100000000)
  eden space 380416K, 100% used [0x00000000d7000000,0x00000000ee380000,0x00000000ee380000)
  from space 139264K, 33% used [0x00000000f6a80000,0x00000000f9898000,0x00000000ff280000)
  to   space 138240K, 0% used [0x00000000ee380000,0x00000000ee380000,0x00000000f6a80000)
 ParOldGen       total 1018880K, used 864118K [0x0000000085000000, 0x00000000c3300000, 0x00000000d7000000)
  object space 1018880K, 84% used [0x0000000085000000,0x00000000b9bdd950,0x00000000c3300000)
 Metaspace       used 4288K, capacity 4736K, committed 4864K, reserved 1056768K
  class space    used 459K, capacity 496K, committed 512K, reserved 1048576K
Event: 38,571 GC heap after
Heap after GC invocations=71 (full 6):
 PSYoungGen      total 518656K, used 31968K [0x00000000d7000000, 0x0000000100000000, 0x0000000100000000)
  eden space 380416K, 0% used [0x00000000d7000000,0x00000000d7000000,0x00000000ee380000)
  from space 138240K, 23% used [0x00000000ee380000,0x00000000f02b8000,0x00000000f6a80000)
  to   space 138752K, 0% used [0x00000000f7880000,0x00000000f7880000,0x0000000100000000)
 ParOldGen       total 1018880K, used 895502K [0x0000000085000000, 0x00000000c3300000, 0x00000000d7000000)
  object space 1018880K, 87% used [0x0000000085000000,0x00000000bba83950,0x00000000c3300000)
 Metaspace       used 4288K, capacity 4736K, committed 4864K, reserved 1056768K
  class space    used 459K, capacity 496K, committed 512K, reserved 1048576K
}
Event: 38,841 GC heap before
{Heap before GC invocations=72 (full 6):
 PSYoungGen      total 518656K, used 412384K [0x00000000d7000000, 0x0000000100000000, 0x0000000100000000)
  eden space 380416K, 100% used [0x00000000d7000000,0x00000000ee380000,0x00000000ee380000)
  from space 138240K, 23% used [0x00000000ee380000,0x00000000f02b8000,0x00000000f6a80000)
  to   space 138752K, 0% used [0x00000000f7880000,0x00000000f7880000,0x0000000100000000)
 ParOldGen       total 1018880K, used 895502K [0x0000000085000000, 0x00000000c3300000, 0x00000000d7000000)
  object space 1018880K, 87% used [0x0000000085000000,0x00000000bba83950,0x00000000c3300000)
 Metaspace       used 4288K, capacity 4736K, committed 4864K, reserved 1056768K
  class space    used 459K, capacity 496K, committed 512K, reserved 1048576K
Event: 39,043 GC heap after
Heap after GC invocations=72 (full 6):
 PSYoungGen      total 519680K, used 106166K [0x00000000d7000000, 0x0000000100000000, 0x0000000100000000)
  eden space 380928K, 0% used [0x00000000d7000000,0x00000000d7000000,0x00000000ee400000)
  from space 138752K, 76% used [0x00000000f7880000,0x00000000fe02da38,0x0000000100000000)
  to   space 145408K, 0% used [0x00000000ee400000,0x00000000ee400000,0x00000000f7200000)
 ParOldGen       total 1018880K, used 927510K [0x0000000085000000, 0x00000000c3300000, 0x00000000d7000000)
  object space 1018880K, 91% used [0x0000000085000000,0x00000000bd9c5950,0x00000000c3300000)
 Metaspace       used 4288K, capacity 4736K, committed 4864K, reserved 1056768K
  class space    used 459K, capacity 496K, committed 512K, reserved 1048576K
}
Event: 40,196 GC heap before
{Heap before GC invocations=73 (full 6):
 PSYoungGen      total 519680K, used 487094K [0x00000000d7000000, 0x0000000100000000, 0x0000000100000000)
  eden space 380928K, 100% used [0x00000000d7000000,0x00000000ee400000,0x00000000ee400000)
  from space 138752K, 76% used [0x00000000f7880000,0x00000000fe02da38,0x0000000100000000)
  to   space 145408K, 0% used [0x00000000ee400000,0x00000000ee400000,0x00000000f7200000)
 ParOldGen       total 1018880K, used 927510K [0x0000000085000000, 0x00000000c3300000, 0x00000000d7000000)
  object space 1018880K, 91% used [0x0000000085000000,0x00000000bd9c5950,0x00000000c3300000)
 Metaspace       used 5527K, capacity 5710K, committed 5888K, reserved 1056768K
  class space    used 603K, capacity 681K, committed 768K, reserved 1048576K
Event: 40,536 GC heap after
Heap after GC invocations=73 (full 6):
 PSYoungGen      total 526336K, used 43040K [0x00000000d7000000, 0x0000000100000000, 0x0000000100000000)
  eden space 380928K, 0% used [0x00000000d7000000,0x00000000d7000000,0x00000000ee400000)
  from space 145408K, 29% used [0x00000000ee400000,0x00000000f0e08000,0x00000000f7200000)
  to   space 143360K, 0% used [0x00000000f7400000,0x00000000f7400000,0x0000000100000000)
 ParOldGen       total 1018880K, used 1014006K [0x0000000085000000, 0x00000000c3300000, 0x00000000d7000000)
  object space 1018880K, 99% used [0x0000000085000000,0x00000000c2e3d950,0x00000000c3300000)
 Metaspace       used 5527K, capacity 5710K, committed 5888K, reserved 1056768K
  class space    used 603K, capacity 681K, committed 768K, reserved 1048576K
}
Event: 40,536 GC heap before
{Heap before GC invocations=74 (full 7):
 PSYoungGen      total 526336K, used 43040K [0x00000000d7000000, 0x0000000100000000, 0x0000000100000000)
  eden space 380928K, 0% used [0x00000000d7000000,0x00000000d7000000,0x00000000ee400000)
  from space 145408K, 29% used [0x00000000ee400000,0x00000000f0e08000,0x00000000f7200000)
  to   space 143360K, 0% used [0x00000000f7400000,0x00000000f7400000,0x0000000100000000)
 ParOldGen       total 1018880K, used 1014006K [0x0000000085000000, 0x00000000c3300000, 0x00000000d7000000)
  object space 1018880K, 99% used [0x0000000085000000,0x00000000c2e3d950,0x00000000c3300000)
 Metaspace       used 5527K, capacity 5710K, committed 5888K, reserved 1056768K
  class space    used 603K, capacity 681K, committed 768K, reserved 1048576K

