# JRE version: OpenJDK Runtime Environment (8.0_222-b10) (build 1.8.0_222-8u222-b10-1ubuntu1~18.04.1-b10)
# Java VM: OpenJDK 64-Bit Server VM (25.222-b10 mixed mode linux-amd64 compressed oops)
Heap:
 PSYoungGen      total 539648K, used 0K [0x00000000d7000000, 0x0000000100000000, 0x0000000100000000)
  eden space 431104K, 0% used [0x00000000d7000000,0x00000000d7000000,0x00000000f1500000)
  from space 108544K, 0% used [0x00000000f9600000,0x00000000f9600000,0x0000000100000000)
  to   space 120320K, 0% used [0x00000000f1500000,0x00000000f1500000,0x00000000f8a80000)
 ParOldGen       total 1057280K, used 906134K [0x0000000085000000, 0x00000000c5880000, 0x00000000d7000000)
  object space 1057280K, 85% used [0x0000000085000000,0x00000000bc4e5908,0x00000000c5880000)
 Metaspace       used 5515K, capacity 5722K, committed 5888K, reserved 1056768K
  class space    used 603K, capacity 681K, committed 768K, reserved 1048576K
GC Heap History (10 events):
Event: 43,248 GC heap after
Heap after GC invocations=84 (full 6):
 PSYoungGen      total 538112K, used 83488K [0x00000000d7000000, 0x00000000ff600000, 0x0000000100000000)
  eden space 427008K, 0% used [0x00000000d7000000,0x00000000d7000000,0x00000000f1100000)
  from space 111104K, 75% used [0x00000000f8980000,0x00000000fdb08000,0x00000000ff600000)
  to   space 117248K, 0% used [0x00000000f1100000,0x00000000f1100000,0x00000000f8380000)
 ParOldGen       total 1048064K, used 974341K [0x0000000085000000, 0x00000000c4f80000, 0x00000000d7000000)
  object space 1048064K, 92% used [0x0000000085000000,0x00000000c0781670,0x00000000c4f80000)
 Metaspace       used 5515K, capacity 5722K, committed 5888K, reserved 1056768K
  class space    used 603K, capacity 681K, committed 768K, reserved 1048576K
}
Event: 43,751 GC heap before
{Heap before GC invocations=85 (full 6):
 PSYoungGen      total 538112K, used 510496K [0x00000000d7000000, 0x00000000ff600000, 0x0000000100000000)
  eden space 427008K, 100% used [0x00000000d7000000,0x00000000f1100000,0x00000000f1100000)
  from space 111104K, 75% used [0x00000000f8980000,0x00000000fdb08000,0x00000000ff600000)
  to   space 117248K, 0% used [0x00000000f1100000,0x00000000f1100000,0x00000000f8380000)
 ParOldGen       total 1048064K, used 974341K [0x0000000085000000, 0x00000000c4f80000, 0x00000000d7000000)
  object space 1048064K, 92% used [0x0000000085000000,0x00000000c0781670,0x00000000c4f80000)
 Metaspace       used 5515K, capacity 5722K, committed 5888K, reserved 1056768K
  class space    used 603K, capacity 681K, committed 768K, reserved 1048576K
Event: 43,885 GC heap after
Heap after GC invocations=85 (full 6):
 PSYoungGen      total 544256K, used 83200K [0x00000000d7000000, 0x00000000fff00000, 0x0000000100000000)
  eden space 427008K, 0% used [0x00000000d7000000,0x00000000d7000000,0x00000000f1100000)
  from space 117248K, 70% used [0x00000000f1100000,0x00000000f6240000,0x00000000f8380000)
  to   space 113664K, 0% used [0x00000000f9000000,0x00000000f9000000,0x00000000fff00000)
 ParOldGen       total 1048064K, used 974341K [0x0000000085000000, 0x00000000c4f80000, 0x00000000d7000000)
  object space 1048064K, 92% used [0x0000000085000000,0x00000000c0781670,0x00000000c4f80000)
 Metaspace       used 5515K, capacity 5722K, committed 5888K, reserved 1056768K
  class space    used 603K, capacity 681K, committed 768K, reserved 1048576K
}
Event: 44,423 GC heap before
{Heap before GC invocations=86 (full 6):
 PSYoungGen      total 544256K, used 510208K [0x00000000d7000000, 0x00000000fff00000, 0x0000000100000000)
  eden space 427008K, 100% used [0x00000000d7000000,0x00000000f1100000,0x00000000f1100000)
  from space 117248K, 70% used [0x00000000f1100000,0x00000000f6240000,0x00000000f8380000)
  to   space 113664K, 0% used [0x00000000f9000000,0x00000000f9000000,0x00000000fff00000)
 ParOldGen       total 1048064K, used 974341K [0x0000000085000000, 0x00000000c4f80000, 0x00000000d7000000)
  object space 1048064K, 92% used [0x0000000085000000,0x00000000c0781670,0x00000000c4f80000)
 Metaspace       used 5515K, capacity 5722K, committed 5888K, reserved 1056768K
  class space    used 603K, capacity 681K, committed 768K, reserved 1048576K
Event: 44,533 GC heap after
Heap after GC invocations=86 (full 6):
 PSYoungGen      total 546816K, used 82848K [0x00000000d7000000, 0x00000000ff780000, 0x0000000100000000)
  eden space 440832K, 0% used [0x00000000d7000000,0x00000000d7000000,0x00000000f1e80000)
  from space 105984K, 78% used [0x00000000f9000000,0x00000000fe0e8000,0x00000000ff780000)
  to   space 111104K, 0% used [0x00000000f1e80000,0x00000000f1e80000,0x00000000f8b00000)
 ParOldGen       total 1048064K, used 974341K [0x0000000085000000, 0x00000000c4f80000, 0x00000000d7000000)
  object space 1048064K, 92% used [0x0000000085000000,0x00000000c0781670,0x00000000c4f80000)
 Metaspace       used 5515K, capacity 5722K, committed 5888K, reserved 1056768K
  class space    used 603K, capacity 681K, committed 768K, reserved 1048576K
}
Event: 45,059 GC heap before
{Heap before GC invocations=87 (full 6):
 PSYoungGen      total 546816K, used 523680K [0x00000000d7000000, 0x00000000ff780000, 0x0000000100000000)
  eden space 440832K, 100% used [0x00000000d7000000,0x00000000f1e80000,0x00000000f1e80000)
  from space 105984K, 78% used [0x00000000f9000000,0x00000000fe0e8000,0x00000000ff780000)
  to   space 111104K, 0% used [0x00000000f1e80000,0x00000000f1e80000,0x00000000f8b00000)
 ParOldGen       total 1048064K, used 974341K [0x0000000085000000, 0x00000000c4f80000, 0x00000000d7000000)
  object space 1048064K, 92% used [0x0000000085000000,0x00000000c0781670,0x00000000c4f80000)
 Metaspace       used 5515K, capacity 5722K, committed 5888K, reserved 1056768K
  class space    used 603K, capacity 681K, committed 768K, reserved 1048576K
Event: 45,133 GC heap after
Heap after GC invocations=87 (full 6):
 PSYoungGen      total 551936K, used 82528K [0x00000000d7000000, 0x0000000100000000, 0x0000000100000000)
  eden space 440832K, 0% used [0x00000000d7000000,0x00000000d7000000,0x00000000f1e80000)
  from space 111104K, 74% used [0x00000000f1e80000,0x00000000f6f18000,0x00000000f8b00000)
  to   space 108544K, 0% used [0x00000000f9600000,0x00000000f9600000,0x0000000100000000)
 ParOldGen       total 1048064K, used 974341K [0x0000000085000000, 0x00000000c4f80000, 0x00000000d7000000)
  object space 1048064K, 92% used [0x0000000085000000,0x00000000c0781670,0x00000000c4f80000)
 Metaspace       used 5515K, capacity 5722K, committed 5888K, reserved 1056768K
  class space    used 603K, capacity 681K, committed 768K, reserved 1048576K
}
Event: 45,646 GC heap before
{Heap before GC invocations=88 (full 6):
 PSYoungGen      total 551936K, used 523360K [0x00000000d7000000, 0x0000000100000000, 0x0000000100000000)
  eden space 440832K, 100% used [0x00000000d7000000,0x00000000f1e80000,0x00000000f1e80000)
  from space 111104K, 74% used [0x00000000f1e80000,0x00000000f6f18000,0x00000000f8b00000)
  to   space 108544K, 0% used [0x00000000f9600000,0x00000000f9600000,0x0000000100000000)
 ParOldGen       total 1048064K, used 974341K [0x0000000085000000, 0x00000000c4f80000, 0x00000000d7000000)
  object space 1048064K, 92% used [0x0000000085000000,0x00000000c0781670,0x00000000c4f80000)
 Metaspace       used 5515K, capacity 5722K, committed 5888K, reserved 1056768K
  class space    used 603K, capacity 681K, committed 768K, reserved 1048576K
Event: 45,858 GC heap after
Heap after GC invocations=88 (full 6):
 PSYoungGen      total 539648K, used 128K [0x00000000d7000000, 0x0000000100000000, 0x0000000100000000)
  eden space 431104K, 0% used [0x00000000d7000000,0x00000000d7000000,0x00000000f1500000)
  from space 108544K, 0% used [0x00000000f9600000,0x00000000f9620000,0x0000000100000000)
  to   space 120320K, 0% used [0x00000000f1500000,0x00000000f1500000,0x00000000f8a80000)
 ParOldGen       total 1057280K, used 1056677K [0x0000000085000000, 0x00000000c5880000, 0x00000000d7000000)
  object space 1057280K, 99% used [0x0000000085000000,0x00000000c57e9670,0x00000000c5880000)
 Metaspace       used 5515K, capacity 5722K, committed 5888K, reserved 1056768K
  class space    used 603K, capacity 681K, committed 768K, reserved 1048576K
}
Event: 45,864 GC heap before
{Heap before GC invocations=89 (full 7):
 PSYoungGen      total 539648K, used 128K [0x00000000d7000000, 0x0000000100000000, 0x0000000100000000)
  eden space 431104K, 0% used [0x00000000d7000000,0x00000000d7000000,0x00000000f1500000)
  from space 108544K, 0% used [0x00000000f9600000,0x00000000f9620000,0x0000000100000000)
  to   space 120320K, 0% used [0x00000000f1500000,0x00000000f1500000,0x00000000f8a80000)
 ParOldGen       total 1057280K, used 1056677K [0x0000000085000000, 0x00000000c5880000, 0x00000000d7000000)
  object space 1057280K, 99% used [0x0000000085000000,0x00000000c57e9670,0x00000000c5880000)
 Metaspace       used 5515K, capacity 5722K, committed 5888K, reserved 1056768K
  class space    used 603K, capacity 681K, committed 768K, reserved 1048576K

