# JRE version: OpenJDK Runtime Environment (8.0_222-b10) (build 1.8.0_222-8u222-b10-1ubuntu1~18.04.1-b10)
# Java VM: OpenJDK 64-Bit Server VM (25.222-b10 mixed mode linux-amd64 compressed oops)
Heap:
 PSYoungGen      total 448000K, used 0K [0x00000000d7000000, 0x0000000100000000, 0x0000000100000000)
  eden space 224256K, 0% used [0x00000000d7000000,0x00000000d7000000,0x00000000e4b00000)
  from space 223744K, 0% used [0x00000000e4b00000,0x00000000e4b00000,0x00000000f2580000)
  to   space 223744K, 0% used [0x00000000f2580000,0x00000000f2580000,0x0000000100000000)
 ParOldGen       total 669696K, used 505731K [0x0000000085000000, 0x00000000ade00000, 0x00000000d7000000)
  object space 669696K, 75% used [0x0000000085000000,0x00000000a3de0ce0,0x00000000ade00000)
 Metaspace       used 4294K, capacity 4736K, committed 4864K, reserved 1056768K
  class space    used 459K, capacity 496K, committed 512K, reserved 1048576K
GC Heap History (10 events):
Event: 18,367 GC heap after
Heap after GC invocations=35 (full 4):
 PSYoungGen      total 467968K, used 24352K [0x00000000d7000000, 0x00000000ffe00000, 0x0000000100000000)
  eden space 286208K, 0% used [0x00000000d7000000,0x00000000d7000000,0x00000000e8780000)
  from space 181760K, 13% used [0x00000000e8780000,0x00000000e9f48000,0x00000000f3900000)
  to   space 179712K, 0% used [0x00000000f4e80000,0x00000000f4e80000,0x00000000ffe00000)
 ParOldGen       total 669696K, used 442415K [0x0000000085000000, 0x00000000ade00000, 0x00000000d7000000)
  object space 669696K, 66% used [0x0000000085000000,0x00000000a000bfa8,0x00000000ade00000)
 Metaspace       used 4277K, capacity 4736K, committed 4864K, reserved 1056768K
  class space    used 459K, capacity 496K, committed 512K, reserved 1048576K
}
Event: 18,540 GC heap before
{Heap before GC invocations=36 (full 4):
 PSYoungGen      total 467968K, used 310560K [0x00000000d7000000, 0x00000000ffe00000, 0x0000000100000000)
  eden space 286208K, 100% used [0x00000000d7000000,0x00000000e8780000,0x00000000e8780000)
  from space 181760K, 13% used [0x00000000e8780000,0x00000000e9f48000,0x00000000f3900000)
  to   space 179712K, 0% used [0x00000000f4e80000,0x00000000f4e80000,0x00000000ffe00000)
 ParOldGen       total 669696K, used 442415K [0x0000000085000000, 0x00000000ade00000, 0x00000000d7000000)
  object space 669696K, 66% used [0x0000000085000000,0x00000000a000bfa8,0x00000000ade00000)
 Metaspace       used 4294K, capacity 4736K, committed 4864K, reserved 1056768K
  class space    used 459K, capacity 496K, committed 512K, reserved 1048576K
Event: 18,714 GC heap after
Heap after GC invocations=36 (full 4):
 PSYoungGen      total 455168K, used 148416K [0x00000000d7000000, 0x0000000100000000, 0x0000000100000000)
  eden space 275456K, 0% used [0x00000000d7000000,0x00000000d7000000,0x00000000e7d00000)
  from space 179712K, 82% used [0x00000000f4e80000,0x00000000fdf70000,0x00000000ffe00000)
  to   space 198144K, 0% used [0x00000000e7d00000,0x00000000e7d00000,0x00000000f3e80000)
 ParOldGen       total 669696K, used 442423K [0x0000000085000000, 0x00000000ade00000, 0x00000000d7000000)
  object space 669696K, 66% used [0x0000000085000000,0x00000000a000dfa8,0x00000000ade00000)
 Metaspace       used 4294K, capacity 4736K, committed 4864K, reserved 1056768K
  class space    used 459K, capacity 496K, committed 512K, reserved 1048576K
}
Event: 18,879 GC heap before
{Heap before GC invocations=37 (full 4):
 PSYoungGen      total 455168K, used 423872K [0x00000000d7000000, 0x0000000100000000, 0x0000000100000000)
  eden space 275456K, 100% used [0x00000000d7000000,0x00000000e7d00000,0x00000000e7d00000)
  from space 179712K, 82% used [0x00000000f4e80000,0x00000000fdf70000,0x00000000ffe00000)
  to   space 198144K, 0% used [0x00000000e7d00000,0x00000000e7d00000,0x00000000f3e80000)
 ParOldGen       total 669696K, used 442423K [0x0000000085000000, 0x00000000ade00000, 0x00000000d7000000)
  object space 669696K, 66% used [0x0000000085000000,0x00000000a000dfa8,0x00000000ade00000)
 Metaspace       used 4294K, capacity 4736K, committed 4864K, reserved 1056768K
  class space    used 459K, capacity 496K, committed 512K, reserved 1048576K
Event: 19,051 GC heap after
Heap after GC invocations=37 (full 4):
 PSYoungGen      total 435712K, used 160096K [0x00000000d7000000, 0x0000000100000000, 0x0000000100000000)
  eden space 275456K, 0% used [0x00000000d7000000,0x00000000d7000000,0x00000000e7d00000)
  from space 160256K, 99% used [0x00000000e7d00000,0x00000000f1958000,0x00000000f1980000)
  to   space 216576K, 0% used [0x00000000f2c80000,0x00000000f2c80000,0x0000000100000000)
 ParOldGen       total 669696K, used 442423K [0x0000000085000000, 0x00000000ade00000, 0x00000000d7000000)
  object space 669696K, 66% used [0x0000000085000000,0x00000000a000dfa8,0x00000000ade00000)
 Metaspace       used 4294K, capacity 4736K, committed 4864K, reserved 1056768K
  class space    used 459K, capacity 496K, committed 512K, reserved 1048576K
}
Event: 19,216 GC heap before
{Heap before GC invocations=38 (full 4):
 PSYoungGen      total 435712K, used 435552K [0x00000000d7000000, 0x0000000100000000, 0x0000000100000000)
  eden space 275456K, 100% used [0x00000000d7000000,0x00000000e7d00000,0x00000000e7d00000)
  from space 160256K, 99% used [0x00000000e7d00000,0x00000000f1958000,0x00000000f1980000)
  to   space 216576K, 0% used [0x00000000f2c80000,0x00000000f2c80000,0x0000000100000000)
 ParOldGen       total 669696K, used 442423K [0x0000000085000000, 0x00000000ade00000, 0x00000000d7000000)
  object space 669696K, 66% used [0x0000000085000000,0x00000000a000dfa8,0x00000000ade00000)
 Metaspace       used 4294K, capacity 4736K, committed 4864K, reserved 1056768K
  class space    used 459K, capacity 496K, committed 512K, reserved 1048576K
Event: 19,439 GC heap after
Heap after GC invocations=38 (full 4):
 PSYoungGen      total 440832K, used 147392K [0x00000000d7000000, 0x0000000100000000, 0x0000000100000000)
  eden space 224256K, 0% used [0x00000000d7000000,0x00000000d7000000,0x00000000e4b00000)
  from space 216576K, 68% used [0x00000000f2c80000,0x00000000fbc70000,0x0000000100000000)
  to   space 223744K, 0% used [0x00000000e4b00000,0x00000000e4b00000,0x00000000f2580000)
 ParOldGen       total 669696K, used 466791K [0x0000000085000000, 0x00000000ade00000, 0x00000000d7000000)
  object space 669696K, 69% used [0x0000000085000000,0x00000000a17d9fa8,0x00000000ade00000)
 Metaspace       used 4294K, capacity 4736K, committed 4864K, reserved 1056768K
  class space    used 459K, capacity 496K, committed 512K, reserved 1048576K
}
Event: 19,575 GC heap before
{Heap before GC invocations=39 (full 4):
 PSYoungGen      total 440832K, used 371648K [0x00000000d7000000, 0x0000000100000000, 0x0000000100000000)
  eden space 224256K, 100% used [0x00000000d7000000,0x00000000e4b00000,0x00000000e4b00000)
  from space 216576K, 68% used [0x00000000f2c80000,0x00000000fbc70000,0x0000000100000000)
  to   space 223744K, 0% used [0x00000000e4b00000,0x00000000e4b00000,0x00000000f2580000)
 ParOldGen       total 669696K, used 466791K [0x0000000085000000, 0x00000000ade00000, 0x00000000d7000000)
  object space 669696K, 69% used [0x0000000085000000,0x00000000a17d9fa8,0x00000000ade00000)
 Metaspace       used 4294K, capacity 4736K, committed 4864K, reserved 1056768K
  class space    used 459K, capacity 496K, committed 512K, reserved 1048576K
Event: 45,829 GC heap after
Heap after GC invocations=39 (full 4):
 PSYoungGen      total 448000K, used 21152K [0x00000000d7000000, 0x0000000100000000, 0x0000000100000000)
  eden space 224256K, 0% used [0x00000000d7000000,0x00000000d7000000,0x00000000e4b00000)
  from space 223744K, 9% used [0x00000000e4b00000,0x00000000e5fa8000,0x00000000f2580000)
  to   space 223744K, 0% used [0x00000000f2580000,0x00000000f2580000,0x0000000100000000)
 ParOldGen       total 669696K, used 602919K [0x0000000085000000, 0x00000000ade00000, 0x00000000d7000000)
  object space 669696K, 90% used [0x0000000085000000,0x00000000a9cc9fb8,0x00000000ade00000)
 Metaspace       used 4294K, capacity 4736K, committed 4864K, reserved 1056768K
  class space    used 459K, capacity 496K, committed 512K, reserved 1048576K
}
Event: 47,103 GC heap before
{Heap before GC invocations=40 (full 5):
 PSYoungGen      total 448000K, used 21152K [0x00000000d7000000, 0x0000000100000000, 0x0000000100000000)
  eden space 224256K, 0% used [0x00000000d7000000,0x00000000d7000000,0x00000000e4b00000)
  from space 223744K, 9% used [0x00000000e4b00000,0x00000000e5fa8000,0x00000000f2580000)
  to   space 223744K, 0% used [0x00000000f2580000,0x00000000f2580000,0x0000000100000000)
 ParOldGen       total 669696K, used 602919K [0x0000000085000000, 0x00000000ade00000, 0x00000000d7000000)
  object space 669696K, 90% used [0x0000000085000000,0x00000000a9cc9fb8,0x00000000ade00000)
 Metaspace       used 4294K, capacity 4736K, committed 4864K, reserved 1056768K
  class space    used 459K, capacity 496K, committed 512K, reserved 1048576K

